0 info it worked if it ends with ok
1 verbose cli [ 'C:\\Program Files\\nodejs\\node.exe',
1 verbose cli   'C:\\Users\\USER\\AppData\\Roaming\\npm\\node_modules\\npm\\bin\\npm-cli.js',
1 verbose cli   'install',
1 verbose cli   'ponte',
1 verbose cli   '-g',
1 verbose cli   '$',
1 verbose cli   'ponte' ]
2 info using npm@3.10.9
3 info using node@v4.6.0
4 silly loadCurrentTree Starting
5 silly install loadCurrentTree
6 silly install readGlobalPackageData
7 silly fetchPackageMetaData ponte
8 silly fetchPackageMetaData $
9 silly fetchPackageMetaData ponte
10 silly fetchNamedPackageData ponte
11 silly mapToRegistry name ponte
12 silly mapToRegistry using default registry
13 silly mapToRegistry registry https://registry.npmjs.org/
14 silly mapToRegistry data Result {
14 silly mapToRegistry   raw: 'ponte',
14 silly mapToRegistry   scope: null,
14 silly mapToRegistry   escapedName: 'ponte',
14 silly mapToRegistry   name: 'ponte',
14 silly mapToRegistry   rawSpec: '',
14 silly mapToRegistry   spec: 'latest',
14 silly mapToRegistry   type: 'tag' }
15 silly mapToRegistry uri https://registry.npmjs.org/ponte
16 silly fetchOtherPackageData $
17 silly cache add args [ '$', null ]
18 verbose cache add spec $
19 silly fetchNamedPackageData ponte
20 silly mapToRegistry name ponte
21 silly mapToRegistry using default registry
22 silly mapToRegistry registry https://registry.npmjs.org/
23 silly mapToRegistry data Result {
23 silly mapToRegistry   raw: 'ponte',
23 silly mapToRegistry   scope: null,
23 silly mapToRegistry   escapedName: 'ponte',
23 silly mapToRegistry   name: 'ponte',
23 silly mapToRegistry   rawSpec: '',
23 silly mapToRegistry   spec: 'latest',
23 silly mapToRegistry   type: 'tag' }
24 silly mapToRegistry uri https://registry.npmjs.org/ponte
25 silly cache add parsed spec Result {
25 silly cache add   raw: '$',
25 silly cache add   scope: null,
25 silly cache add   escapedName: null,
25 silly cache add   name: null,
25 silly cache add   rawSpec: '$',
25 silly cache add   spec: 'C:\\Users\\USER\\IdeaProjects\\wearable-school-server\\$',
25 silly cache add   type: 'local' }
26 error addLocal Could not install C:\Users\USER\IdeaProjects\wearable-school-server\$
27 silly fetchPackageMetaData Error: ENOENT: no such file or directory, open 'C:\Users\USER\IdeaProjects\wearable-school-server\$'
27 silly fetchPackageMetaData     at Error (native)
27 silly fetchPackageMetaData  error for $ { [Error: ENOENT: no such file or directory, open 'C:\Users\USER\IdeaProjects\wearable-school-server\$']
27 silly fetchPackageMetaData   errno: -4058,
27 silly fetchPackageMetaData   code: 'ENOENT',
27 silly fetchPackageMetaData   syscall: 'open',
27 silly fetchPackageMetaData   path: 'C:\\Users\\USER\\IdeaProjects\\wearable-school-server\\$' }
28 verbose request uri https://registry.npmjs.org/ponte
29 verbose request no auth needed
30 info attempt registry request try #1 at 4:13:49 PM
31 verbose request id 1a176e8a03c4a203
32 verbose etag W/"56d4302f-8c70"
33 verbose lastModified Mon, 29 Feb 2016 11:49:03 GMT
34 http request GET https://registry.npmjs.org/ponte
35 verbose request uri https://registry.npmjs.org/ponte
36 verbose request no auth needed
37 info attempt registry request try #1 at 4:13:49 PM
38 verbose etag W/"56d4302f-8c70"
39 verbose lastModified Mon, 29 Feb 2016 11:49:03 GMT
40 http request GET https://registry.npmjs.org/ponte
41 http 304 https://registry.npmjs.org/ponte
42 verbose headers { date: 'Sat, 22 Apr 2017 12:13:47 GMT',
42 verbose headers   via: '1.1 varnish',
42 verbose headers   'cache-control': 'max-age=300',
42 verbose headers   etag: 'W/"56d4302f-8c70"',
42 verbose headers   age: '0',
42 verbose headers   connection: 'keep-alive',
42 verbose headers   'x-served-by': 'cache-fjr7921-FJR',
42 verbose headers   'x-cache': 'HIT',
42 verbose headers   'x-cache-hits': '1',
42 verbose headers   'x-timer': 'S1492863227.273482,VS0,VE148',
42 verbose headers   vary: 'Accept-Encoding' }
43 silly get cb [ 304,
43 silly get   { date: 'Sat, 22 Apr 2017 12:13:47 GMT',
43 silly get     via: '1.1 varnish',
43 silly get     'cache-control': 'max-age=300',
43 silly get     etag: 'W/"56d4302f-8c70"',
43 silly get     age: '0',
43 silly get     connection: 'keep-alive',
43 silly get     'x-served-by': 'cache-fjr7921-FJR',
43 silly get     'x-cache': 'HIT',
43 silly get     'x-cache-hits': '1',
43 silly get     'x-timer': 'S1492863227.273482,VS0,VE148',
43 silly get     vary: 'Accept-Encoding' } ]
44 verbose etag https://registry.npmjs.org/ponte from cache
45 verbose get saving ponte to C:\Users\USER\AppData\Roaming\npm-cache\registry.npmjs.org\ponte\.cache.json
46 verbose correctMkdir C:\Users\USER\AppData\Roaming\npm-cache correctMkdir not in flight; initializing
47 http 304 https://registry.npmjs.org/ponte
48 verbose headers { date: 'Sat, 22 Apr 2017 12:13:47 GMT',
48 verbose headers   via: '1.1 varnish',
48 verbose headers   'cache-control': 'max-age=300',
48 verbose headers   etag: 'W/"56d4302f-8c70"',
48 verbose headers   age: '0',
48 verbose headers   connection: 'keep-alive',
48 verbose headers   'x-served-by': 'cache-fjr7922-FJR',
48 verbose headers   'x-cache': 'HIT',
48 verbose headers   'x-cache-hits': '1',
48 verbose headers   'x-timer': 'S1492863227.271592,VS0,VE148',
48 verbose headers   vary: 'Accept-Encoding' }
49 silly get cb [ 304,
49 silly get   { date: 'Sat, 22 Apr 2017 12:13:47 GMT',
49 silly get     via: '1.1 varnish',
49 silly get     'cache-control': 'max-age=300',
49 silly get     etag: 'W/"56d4302f-8c70"',
49 silly get     age: '0',
49 silly get     connection: 'keep-alive',
49 silly get     'x-served-by': 'cache-fjr7922-FJR',
49 silly get     'x-cache': 'HIT',
49 silly get     'x-cache-hits': '1',
49 silly get     'x-timer': 'S1492863227.271592,VS0,VE148',
49 silly get     vary: 'Accept-Encoding' } ]
50 verbose etag https://registry.npmjs.org/ponte from cache
51 verbose get saving ponte to C:\Users\USER\AppData\Roaming\npm-cache\registry.npmjs.org\ponte\.cache.json
52 verbose correctMkdir C:\Users\USER\AppData\Roaming\npm-cache correctMkdir already in flight; waiting
53 silly rollbackFailedOptional Starting
54 silly rollbackFailedOptional Finishing
55 silly runTopLevelLifecycles Finishing
56 silly install printInstalled
57 verbose stack Error: ENOENT: no such file or directory, open 'C:\Users\USER\IdeaProjects\wearable-school-server\$'
57 verbose stack     at Error (native)
58 verbose cwd C:\Users\USER\IdeaProjects\wearable-school-server
59 error Windows_NT 10.0.15063
60 error argv "C:\\Program Files\\nodejs\\node.exe" "C:\\Users\\USER\\AppData\\Roaming\\npm\\node_modules\\npm\\bin\\npm-cli.js" "install" "ponte" "-g" "$" "ponte"
61 error node v4.6.0
62 error npm  v3.10.9
63 error path C:\Users\USER\IdeaProjects\wearable-school-server\$
64 error code ENOENT
65 error errno -4058
66 error syscall open
67 error enoent ENOENT: no such file or directory, open 'C:\Users\USER\IdeaProjects\wearable-school-server\$'
68 error enoent ENOENT: no such file or directory, open 'C:\Users\USER\IdeaProjects\wearable-school-server\$'
68 error enoent This is most likely not a problem with npm itself
68 error enoent and is related to npm not being able to find a file.
69 verbose exit [ -4058, true ]
